2023-05-25 05:32:41.666 | INFO     | __main__:run:25 - Api up. Time taken: 0:00:00.080236
2023-05-25 05:32:42.975 | INFO     | __main__:<module>:65 - Parsing Complete. 1000 items parsed, with a total time taken of 0:00:00.332861.
Fastest time: 0:00:00.000140  Median time: 0:00:00.000292  Slowest time: 0:00:00.020045
2023-05-25 06:34:41.602 | INFO     | __main__:run:25 - Api up. Time taken: 0:00:00.024090
2023-05-25 06:34:42.518 | INFO     | __main__:<module>:68 - Parsing Complete. 1000 items parsed, with a total time taken of 0:00:00.338164.
Fastest time: 0:00:00.000145 | Median time: 0:00:00.000304 | Slowest time: 0:00:00.004171
2023-05-25 06:35:03.932 | INFO     | __main__:run:25 - Api up. Time taken: 0:00:00.025422
2023-05-25 06:35:04.283 | DEBUG    | __main__:getApiPage:46 - error while fetching api
2023-05-25 06:36:55.323 | INFO     | __main__:run:25 - Api up. Time taken: 0:00:00.026790
2023-05-25 06:36:56.312 | INFO     | __main__:<module>:68 - Parsing Complete. 1000 items parsed, with a total time taken of 0:00:00.358891.
Fastest time: 0:00:00.000159 | Median time: 0:00:00.000314 | Slowest time: 0:00:00.004069
2023-05-25 06:37:02.622 | INFO     | __main__:run:25 - Api up. Time taken: 0:00:00.026218
2023-05-25 06:37:03.507 | INFO     | __main__:<module>:68 - Parsing Complete. 1000 items parsed, with a total time taken of 0:00:00.294288.
Fastest time: 0:00:00.000146 | Median time: 0:00:00.000278 | Slowest time: 0:00:00.000624
2023-05-25 06:37:05.664 | INFO     | __main__:run:25 - Api up. Time taken: 0:00:00.029014
2023-05-25 06:37:06.706 | INFO     | __main__:<module>:68 - Parsing Complete. 1000 items parsed, with a total time taken of 0:00:00.476074.
Fastest time: 0:00:00.000143 | Median time: 0:00:00.000448 | Slowest time: 0:00:00.004315
2023-05-25 06:39:12.952 | INFO     | __main__:run:25 - Api up. Time taken: 0:00:00.026879
2023-05-25 06:39:13.302 | ERROR    | __main__:getApiPage:46 - error occured while requesting api
Traceback (most recent call last):

  File "main.py", line 49, in <module>
    api = getApiPage(0)
          └ <function getApiPage at 0x7f41d6a88e50>

> File "main.py", line 43, in getApiPage
    api = reqmuests.get("https://api.hypixel.net/skyblock/auctions?page="+str(page)).json()
                                                                              └ 0

NameError: name 'reqmuests' is not defined
2023-05-25 08:05:06.082 | INFO     | __main__:run:25 - Api up. Time taken: 0:00:00.029480
2023-05-25 08:05:07.713 | INFO     | __main__:run:25 - Api up. Time taken: 0:00:00.024573
2023-05-25 08:05:08.595 | INFO     | __main__:<module>:68 - Parsing Complete. 1000 items parsed, with a total time taken of 0:00:00.300226.
Fastest time: 0:00:00.000139 | Median time: 0:00:00.000278 | Slowest time: 0:00:00.000796
